[05:19:01] [main/INFO]: Loading Minecraft 1.21.1 with Fabric Loader 0.17.0
[05:19:01] [ForkJoinPool-1-worker-3/WARN]: The mod "dungeons_arise" contains invalid entries in its mod json:
- Unsupported root entry "credits" at line 12 column 11
[05:19:01] [ForkJoinPool-1-worker-1/WARN]: Mod treechop uses the version 0.19.3a which isn't compatible with Loader's extended semantic version format (Could not parse version number component '3a'!), SemVer is recommended for reliably evaluating dependencies and prioritizing newer version
[05:19:01] [main/WARN]: Warnings were found!
 - Mod 'Forge Config API Port' (forgeconfigapiport) 21.1.4 recommends any version of modmenu, which is missing!
	 - You should install any version of modmenu for the optimal experience.
[05:19:01] [main/INFO]: Loading 132 mods:
	- almanac 1.0.2
	- architectury 13.0.8
	- betterendcitiesforbetterend 1.21.1-1.0.0
	- betterendisland 1.21.1-Fabric-3.1.2
	   \-- org_reflections_reflections 0.10.2
	- bosses_of_mass_destruction 1.10.2-1.21.1
	   \-- multipart_entities 1.7-1.21
	- cardinal-components 6.1.2
	   |-- cardinal-components-base 6.1.2
	   |-- cardinal-components-block 6.1.2
	   |-- cardinal-components-chunk 6.1.2
	   |-- cardinal-components-entity 6.1.2
	   |-- cardinal-components-item 6.1.2
	   |-- cardinal-components-level 6.1.2
	   |-- cardinal-components-scoreboard 6.1.2
	   \-- cardinal-components-world 6.1.2
	- carryon 2.2.2
	- cloth-config 15.0.140
	   \-- cloth-basic-math 0.6.1
	- cobweb 1.3.3
	- connectivity 1.21-7.1
	- coroutil 1.21.1-1.3.8
	- cristellib 1.2.8
	   \-- blue_endless_jankson 1.2.3
	- cupboard 1.21-2.9
	- dungeons_arise 2.1.64
	- dungeons_arise_seven_seas 1.0.3
	- enchantinginfuser 21.1.0
	- fabric-api 0.116.4+1.21.1
	   |-- fabric-api-base 0.4.42+6573ed8c19
	   |-- fabric-api-lookup-api-v1 1.6.71+b559734419
	   |-- fabric-biome-api-v1 13.0.31+d527f9fd19
	   |-- fabric-block-api-v1 1.1.0+0bc3503219
	   |-- fabric-block-view-api-v2 1.0.11+ebb2264e19
	   |-- fabric-blockrenderlayer-v1 1.1.52+0af3f5a719
	   |-- fabric-client-tags-api-v1 1.1.15+6573ed8c19
	   |-- fabric-command-api-v1 1.2.49+f71b366f19
	   |-- fabric-command-api-v2 2.2.28+6ced4dd919
	   |-- fabric-commands-v0 0.2.66+df3654b319
	   |-- fabric-content-registries-v0 8.0.19+b559734419
	   |-- fabric-convention-tags-v1 2.1.5+7f945d5b19
	   |-- fabric-convention-tags-v2 2.11.1+a406e79519
	   |-- fabric-crash-report-info-v1 0.2.29+0af3f5a719
	   |-- fabric-data-attachment-api-v1 1.4.5+6116a37819
	   |-- fabric-data-generation-api-v1 20.2.32+5b9dea2e19
	   |-- fabric-dimensions-v1 4.0.0+6fc22b9919
	   |-- fabric-entity-events-v1 1.8.0+2b27e0a419
	   |-- fabric-events-interaction-v0 0.7.13+ba9dae0619
	   |-- fabric-game-rule-api-v1 1.0.53+6ced4dd919
	   |-- fabric-item-api-v1 11.1.1+d5debaed19
	   |-- fabric-item-group-api-v1 4.1.7+def88e3a19
	   |-- fabric-key-binding-api-v1 1.0.47+0af3f5a719
	   |-- fabric-keybindings-v0 0.2.45+df3654b319
	   |-- fabric-lifecycle-events-v1 2.6.0+0865547519
	   |-- fabric-loot-api-v2 3.0.15+3f89f5a519
	   |-- fabric-loot-api-v3 1.0.3+3f89f5a519
	   |-- fabric-message-api-v1 6.0.14+8aaf3aca19
	   |-- fabric-model-loading-api-v1 2.0.0+fe474d6b19
	   |-- fabric-networking-api-v1 4.3.0+c7469b2119
	   |-- fabric-object-builder-api-v1 15.2.1+40875a9319
	   |-- fabric-particles-v1 4.0.2+6573ed8c19
	   |-- fabric-recipe-api-v1 5.0.14+248df81c19
	   |-- fabric-registry-sync-v0 5.3.1+e3eddc2119
	   |-- fabric-renderer-api-v1 3.4.0+c705a49c19
	   |-- fabric-renderer-indigo 1.7.0+c705a49c19
	   |-- fabric-renderer-registries-v1 3.2.69+df3654b319
	   |-- fabric-rendering-data-attachment-v1 0.3.49+73761d2e19
	   |-- fabric-rendering-fluids-v1 3.1.6+1daea21519
	   |-- fabric-rendering-v0 1.1.72+df3654b319
	   |-- fabric-rendering-v1 5.1.0+ab4c25a019
	   |-- fabric-resource-conditions-api-v1 4.3.0+8dc279b119
	   |-- fabric-resource-loader-v0 1.3.1+5b5275af19
	   |-- fabric-screen-api-v1 2.0.25+8b68f1c719
	   |-- fabric-screen-handler-api-v1 1.3.90+b559734419
	   |-- fabric-sound-api-v1 1.0.23+6573ed8c19
	   |-- fabric-transfer-api-v1 5.4.3+c24bd99419
	   \-- fabric-transitive-access-wideners-v1 6.2.0+45b9699719
	- fabric-language-kotlin 1.13.4+kotlin.2.2.0
	   |-- org_jetbrains_kotlin_kotlin-reflect 2.2.0
	   |-- org_jetbrains_kotlin_kotlin-stdlib 2.2.0
	   |-- org_jetbrains_kotlin_kotlin-stdlib-jdk7 2.2.0
	   |-- org_jetbrains_kotlin_kotlin-stdlib-jdk8 2.2.0
	   |-- org_jetbrains_kotlinx_atomicfu-jvm 0.28.0
	   |-- org_jetbrains_kotlinx_kotlinx-coroutines-core-jvm 1.10.2
	   |-- org_jetbrains_kotlinx_kotlinx-coroutines-jdk8 1.10.2
	   |-- org_jetbrains_kotlinx_kotlinx-datetime-jvm 0.6.2
	   |-- org_jetbrains_kotlinx_kotlinx-io-bytestring-jvm 0.7.0
	   |-- org_jetbrains_kotlinx_kotlinx-io-core-jvm 0.7.0
	   |-- org_jetbrains_kotlinx_kotlinx-serialization-cbor-jvm 1.8.1
	   |-- org_jetbrains_kotlinx_kotlinx-serialization-core-jvm 1.8.1
	   \-- org_jetbrains_kotlinx_kotlinx-serialization-json-jvm 1.8.1
	- fabricloader 0.17.0
	   \-- mixinextras 0.5.0
	- fastasyncworldsave 1.21-2.4
	- ferritecore 7.0.2-hotfix
	- forgeconfigapiport 21.1.4
	   |-- com_electronwill_night-config_core 3.8.0
	   \-- com_electronwill_night-config_toml 3.8.0
	- geckolib 4.7.6
	- harvest_with_ease 9.4.0
	- iceberg 1.3.2
	- incendium 5.4.3
	- java 21
	- jei 19.22.0.315
	- ksyxis 1.3.3
	- letmedespawn 1.5.0
	- limitedchunks 1.21-4.1
	- lithium 0.15.0+mc1.21.1
	- minecraft 1.21.1
	- modernfix 5.24.3+mc1.21.1
	- mr_dungeons_andtaverns 1-v4.4.4
	- mr_true_ending 1-v1.1.2d
	- mvs 4.2.9-1.21-fabric
	- nerb 0.4.2
	- octolib 0.5.0.1
	   \-- org_yaml_snakeyaml 2.2
	- puzzleslib 21.1.36
	- simplemod 1.21.1
	- smoothchunk 1.21-4.1
	- spark 1.10.109
	   \-- fabric-permissions-api-v0 0.3.1
	- terralith 2.5.8
	- trade_cycling 1.21.1-1.0.18
	   |-- fabric-key-binding-api-v1 1.0.47+0af3f5a76a
	   \-- fabric-screen-api-v1 2.0.24+b55973446a
	- travelersbackpack 10.1.23
	- treechop 0.19.3a
	- universal-graves 3.4.4+1.21
	   |-- common-protection-api 1.0.0
	   |-- placeholder-api 2.4.1+1.21
	   |-- polymer-core 0.9.14+1.21.1
	   |    |-- polymer-networking 0.9.14+1.21.1
	   |    |    \-- polymer-common 0.9.14+1.21.1
	   |    |         \-- packet_tweaker 0.5.5+1.21
	   |    \-- polymer-registry-sync-manipulator 0.9.14+1.21.1
	   |-- polymer-resource-pack 0.9.14+1.21.1
	   |    \-- polymer-common 0.9.14+1.21.1
	   |         \-- packet_tweaker 0.5.5+1.21
	   |-- polymer-virtual-entity 0.9.14+1.21.1
	   |    \-- polymer-common 0.9.14+1.21.1
	   |         \-- packet_tweaker 0.5.5+1.21
	   |-- predicate-api 0.5.1+1.21
	   |-- server_translations_api 2.3.1+1.21-pre2
	   \-- sgui 1.6.0+1.21
	- vcinteraction 1.21.1-1.0.8
	- visualworkbench 21.1.1
	- voicechat 1.21.1-2.5.35
	   \-- fabric-key-binding-api-v1 1.0.47+0af3f5a76a
	- watut 1.21.0-1.2.7
	- yungsapi 1.21.1-Fabric-5.1.6
	   |-- org_javassist_javassist 3.29.2-GA
	   \-- org_reflections_reflections 0.10.2
[05:19:01] [main/INFO]: SpongePowered MIXIN Subsystem Version=0.8.7 Source=file:/workspaces/conters/servidor_minecraft/libraries/net/fabricmc/sponge-mixin/0.16.3+mixin.0.8.7/sponge-mixin-0.16.3+mixin.0.8.7.jar Service=Knot/Fabric Env=SERVER
[05:19:01] [main/INFO]: Compatibility level set to JAVA_21
[05:19:02] [main/WARN]: Reference map 'coroutil.refmap.json' for coroutil_fabric.mixins.json could not be read. If this is a development environment you can ignore this message
[05:19:02] [main/WARN]: Reference map 'enchantinginfuser.common.refmap.json' for enchantinginfuser.common.mixins.json could not be read. If this is a development environment you can ignore this message
[05:19:02] [main/WARN]: Reference map 'enchantinginfuser.fabric.refmap.json' for enchantinginfuser.fabric.mixins.json could not be read. If this is a development environment you can ignore this message
[05:19:02] [main/WARN]: Reference map 'forgeconfigapiport.common.refmap.json' for forgeconfigapiport.common.mixins.json could not be read. If this is a development environment you can ignore this message
[05:19:02] [main/WARN]: Reference map 'harvest_with_ease.refmap.json' for harvest_with_ease.mixins.json could not be read. If this is a development environment you can ignore this message
[05:19:02] [main/WARN]: Reference map 'harvest_with_ease.refmap.json' for harvest_with_ease.fabric.mixins.json could not be read. If this is a development environment you can ignore this message
[05:19:02] [main/WARN]: Mod 'ferritecore' attempted to override option 'mixin.alloc.blockstate', which doesn't exist, ignoring
[05:19:02] [main/INFO]: Option 'mixin.entity.collisions.fluid' requires 'mixin.util.block_tracking=true' but found 'false'. Setting 'mixin.entity.collisions.fluid=false'.
[05:19:02] [main/INFO]: Option 'mixin.experimental.entity.block_caching.block_support' requires 'mixin.util.block_tracking=true' but found 'false'. Setting 'mixin.experimental.entity.block_caching.block_support=false'.
[05:19:02] [main/INFO]: Option 'mixin.experimental.entity.block_caching.fluid_pushing' requires 'mixin.util.block_tracking=true' but found 'false'. Setting 'mixin.experimental.entity.block_caching.fluid_pushing=false'.
[05:19:02] [main/INFO]: Option 'mixin.experimental.entity.block_caching.block_touching' requires 'mixin.util.block_tracking=true' but found 'false'. Setting 'mixin.experimental.entity.block_caching.block_touching=false'.
[05:19:02] [main/INFO]: Option 'mixin.experimental.entity.block_caching.suffocation' requires 'mixin.util.block_tracking=true' but found 'false'. Setting 'mixin.experimental.entity.block_caching.suffocation=false'.
[05:19:02] [main/INFO]: Option 'mixin.experimental.entity.block_caching' requires 'mixin.util.block_tracking=true' but found 'false'. Setting 'mixin.experimental.entity.block_caching=false'.
[05:19:02] [main/INFO]: Loaded configuration file for Lithium: 149 options available, 0 override(s) found
[05:19:02] [main/INFO]: Loaded configuration file for ModernFix 5.24.3+mc1.21.1: 64 options available, 0 override(s) found
[05:19:02] [main/INFO]: Applying Nashorn fix
[05:19:02] [main/WARN]: Reference map 'OctoLib-COMMON-common-refmap.json' for octolib-common.mixins.json could not be read. If this is a development environment you can ignore this message
[05:19:02] [main/WARN]: Reference map 'visualworkbench.fabric.refmap.json' for visualworkbench.fabric.mixins.json could not be read. If this is a development environment you can ignore this message
[05:19:02] [main/WARN]: Error loading class: com/electronwill/nightconfig/core/io/IoUtils (java.lang.ClassNotFoundException: com/electronwill/nightconfig/core/io/IoUtils)
[05:19:03] [main/WARN]: Error loading class: me/jellysquid/mods/lithium/common/world/chunk/LithiumHashPalette (java.lang.ClassNotFoundException: me/jellysquid/mods/lithium/common/world/chunk/LithiumHashPalette)
[05:19:03] [main/WARN]: Error loading class: com/simibubi/create/content/kinetics/base/BlockBreakingKineticBlockEntity (java.lang.ClassNotFoundException: com/simibubi/create/content/kinetics/base/BlockBreakingKineticBlockEntity)
[05:19:03] [main/INFO]: Initializing MixinExtras via com.llamalad7.mixinextras.service.MixinExtrasServiceImpl(version=0.5.0).
[05:19:06] [main/WARN]: Static binding violation: PRIVATE @Overwrite method method_21740 in modernfix-common.mixins.json:perf.remove_biome_temperature_cache.BiomeMixin from mod modernfix cannot reduce visibiliy of PUBLIC target method, visibility will be upgraded.
[05:19:06] [main/WARN]: Method overwrite conflict for method_21740 in modernfix-common.mixins.json:perf.remove_biome_temperature_cache.BiomeMixin from mod modernfix, previously written by net.caffeinemc.mods.lithium.mixin.world.temperature_cache.BiomeMixin. Skipping method.
[05:19:09] [main/INFO]: Vanilla bootstrap took 5907 milliseconds
[05:19:10] [main/INFO]: Hello Fabric world!
[05:19:10] [main/INFO]: Reflections took 37 ms to scan 1 urls, producing 1 keys and 2 values
[05:19:10] [main/INFO]: Reflections took 1 ms to scan 1 urls, producing 1 keys and 2 values
[05:19:10] [main/INFO]: Connectivity initialized
[05:19:10] [main/INFO]: fabric loader environment detected
[05:19:10] [main/INFO]: Loaded config for: cupboard.json
[05:19:10] [main/INFO]: YAaargh!
[05:19:10] [main/INFO]: Constructing common components for enchantinginfuser:main
[05:19:10] [main/INFO]: Ksyxis: Booting... (platform: Fabric, manual: false)
[05:19:10] [main/INFO]: Ksyxis: Found Mixin library. (version: 0.8.7)
[05:19:10] [main/INFO]: Ksyxis: Ready. As always, this mod will speed up your world loading and might or might not break it. (1 ms)
[05:19:10] [main/INFO]: limitedchunks mod initialized
[05:19:10] [main/INFO]: Constructing common components for puzzleslib:main
[05:19:10] [main/INFO]: Hello Fabric world!
[05:19:10] [main/ERROR]: No data fixer registered for 
[05:19:11] [main/INFO]: Registered the FluidEffect with Unique ID of minecraft:water for Water (Fluid Amount Required: 81000) with the ID 0
[05:19:11] [main/INFO]: Registered the FluidEffect with Unique ID of minecraft:lava for Lava (Fluid Amount Required: 81000) with the ID 1
[05:19:11] [main/INFO]: Registered the FluidEffect with Unique ID of travelersbackpack:potion for block.travelersbackpack.potion_still (Fluid Amount Required: 27000) with the ID 2
[05:19:11] [main/INFO]: Registered the FluidEffect with Unique ID of minecraft:milk for Air (Fluid Amount Required: 81000) with the ID 3
[05:19:11] [main/INFO]: Constructing common components for visualworkbench:main
[05:19:11] [main/INFO]: Dispatching loading event for config visualworkbench-common.toml
[05:19:11] [main/INFO]: [voicechat] Compatibility version 18
[05:19:11] [main/INFO]: [voicechat] Loading plugins
[05:19:11] [main/INFO]: [voicechat] Loaded 1 plugin(s)
[05:19:11] [main/INFO]: [voicechat] Initializing plugins
[05:19:11] [main/INFO]: [voicechat] Initialized 1 plugin(s)
[05:19:11] [main/INFO]: [voicechat] Registering events for 'vcinteraction'
[05:19:11] [main/INFO]: Reflections took 5 ms to scan 1 urls, producing 1 keys and 3 values
[05:19:11] [main/INFO]: Reflections took 3 ms to scan 1 urls, producing 1 keys and 3 values
[05:19:11] [main/INFO]: Environment: Environment[sessionHost=https://sessionserver.mojang.com, servicesHost=https://api.minecraftservices.com, name=PROD]
[05:19:14] [main/INFO]: Loaded 1443 recipes
[05:19:15] [main/ERROR]: Parsing error loading custom advancement dungeons_arise:find_thornborn_towers: No key id in MapLike[{"item":"minecraft:rose_bush"}]
[05:19:15] [main/ERROR]: Parsing error loading custom advancement dungeons_arise:find_illager_corsair_or_illager_galley: No key id in MapLike[{"item":"minecraft:tropical_fish"}]
[05:19:15] [main/ERROR]: Parsing error loading custom advancement dungeons_arise:find_keep_kayra: No key id in MapLike[{"item":"minecraft:lily_pad"}]
[05:19:15] [main/ERROR]: Parsing error loading custom advancement dungeons_arise:find_infested_temple_map: No key id in MapLike[{"item":"minecraft:filled_map"}]
[05:19:15] [main/ERROR]: Parsing error loading custom advancement dungeons_arise:find_greenwood_pub: No key id in MapLike[{"item":"minecraft:barrel"}]
[05:19:15] [main/ERROR]: Couldn't load advancements: [dungeons_arise:find_plague_asylum, minecraft:wander_add_map, dungeons_arise:find_fishing_hut, minecraft:give_quest_trader_trade]
[05:19:15] [main/INFO]: Loaded 1679 advancements
[05:19:15] [ForkJoinPool.commonPool-worker-1/INFO]: Loaded 58 translation keys
[05:19:15] [main/WARN]: Initial datapack load took 3.481 s
[05:19:15] [main/INFO]: Applied 0 biome modifications to 0 of 167 new biomes in 2.076 ms
[05:19:15] [Server thread/INFO]: Dispatching loading event for config enchantinginfuser-server.toml
[05:19:15] [Server thread/INFO]: Starting background profiler...
[05:19:16] [Server thread/INFO]: Starting minecraft server version 1.21.1
[05:19:16] [Server thread/INFO]: Loading properties
[05:19:16] [Server thread/INFO]: Default game type: SURVIVAL
[05:19:16] [Server thread/INFO]: Generating keypair
[05:19:16] [Server thread/INFO]: Starting Minecraft server on *:25565
[05:19:16] [Server thread/INFO]: Using epoll channel type
[05:19:16] [Server thread/WARN]: **** SERVER IS RUNNING IN OFFLINE/INSECURE MODE!
[05:19:16] [Server thread/WARN]: The server will make no attempt to authenticate usernames. Beware.
[05:19:16] [Server thread/WARN]: While this makes the game possible to play without internet access, it also opens up the ability for hackers to connect with any username they choose.
[05:19:16] [Server thread/WARN]: To change this, set "online-mode" to "true" in the server.properties file.
[05:19:16] [Server thread/INFO]: Preparing level "world"
[05:19:16] [Server thread/INFO]: Ksyxis: Hey. This is Ksyxis. We will now load the world and will try to do it quickly. If the game is not responding after this, it's probably us to blame or delete for good. This message appears always, even if the mod works flawlessly. (modern)
[05:19:16] [Server thread/INFO]: Preparing start region for dimension minecraft:overworld
[05:19:16] [Server thread/WARN]: Method overwrite conflict for removeIf in modernfix-common.mixins.json:bugfix.paper_chunk_patches.SortedArraySetMixin from mod modernfix, previously written by net.caffeinemc.mods.lithium.mixin.collections.chunk_tickets.SortedArraySetMixin. Skipping method.
[05:19:16] [Server thread/INFO]: Time elapsed: 50 ms
[05:19:16] [Server thread/INFO]: Done (0.542s)! For help, type "help"
[05:19:16] [Server thread/WARN]: Dedicated server took 17.108 seconds to load
[05:19:16] [Server thread/INFO]: Loaded config for: connectivity.json
[05:19:16] [Server thread/INFO]: Loaded config for: smoothchunk.json
[05:19:16] [Server thread/INFO]: Loaded config for: limitedchunks.json
[05:19:16] [Server thread/WARN]: [voicechat] Running in offline mode - Voice chat encryption is not secure!
[05:19:16] [VoiceChatServerThread/INFO]: [voicechat] Voice chat server started at port 24454
[05:19:57] [Server thread/INFO]: [Not Secure] [Server] h
[05:20:09] [spark-worker-pool-1-thread-1/INFO]: [⚡] TPS from last 5s, 10s, 1m, 5m, 15m:
[05:20:09] [spark-worker-pool-1-thread-1/INFO]: [⚡]  *20.0, *20.0, *20.0, *20.0, *20.0
[05:20:09] [spark-worker-pool-1-thread-1/INFO]: [⚡] 
[05:20:09] [spark-worker-pool-1-thread-1/INFO]: [⚡] Tick durations (min/med/95%ile/max ms) from last 10s, 1m:
[05:20:09] [spark-worker-pool-1-thread-1/INFO]: [⚡]  0.2/0.3/0.5/2.5;  0.2/0.4/1.2/85.2
[05:20:09] [spark-worker-pool-1-thread-1/INFO]: [⚡] 
[05:20:09] [spark-worker-pool-1-thread-1/INFO]: [⚡] CPU usage from last 10s, 1m, 15m:
[05:20:09] [spark-worker-pool-1-thread-1/INFO]: [⚡]  7%, 7%, 7%  (system)
[05:20:09] [spark-worker-pool-1-thread-1/INFO]: [⚡]  0%, 2%, 2%  (process)
[05:20:42] [Server thread/INFO]: [STDOUT]: Lithium Cached BlockState Flags are disabled!
[05:20:42] [Server thread/INFO]: VenaticWinner67[/100.76.188.73:57113] logged in with entity id 100 at (9.36735130837899, 49.0, -62.61726686966122)
[05:20:42] [Server thread/INFO]: Loading config from file...
[05:20:42] [Server thread/INFO]: [voicechat] Using Fabric Permissions API
[05:20:42] [Server thread/INFO]: VenaticWinner67 joined the game
[05:20:46] [Server thread/INFO]: [voicechat] Received secret request of VenaticWinner67 (18)
[05:20:46] [Server thread/INFO]: [voicechat] Sent secret to VenaticWinner67
[05:20:57] [VoiceChatPacketProcessingThread/INFO]: [voicechat] Successfully authenticated player 27624550-5762-38db-a0a7-5ccd77095ef1
[05:21:01] [VoiceChatPacketProcessingThread/INFO]: [voicechat] Successfully validated connection of player 27624550-5762-38db-a0a7-5ccd77095ef1
[05:21:01] [VoiceChatPacketProcessingThread/INFO]: [voicechat] Player VenaticWinner67 (27624550-5762-38db-a0a7-5ccd77095ef1) successfully connected to voice chat
[05:21:14] [VoiceChatPacketProcessingThread/INFO]: [voicechat] Player 27624550-5762-38db-a0a7-5ccd77095ef1 timed out
[05:21:14] [VoiceChatPacketProcessingThread/INFO]: [voicechat] Reconnecting player VenaticWinner67
[05:21:14] [VoiceChatPacketProcessingThread/INFO]: [voicechat] Sent secret to VenaticWinner67
[05:21:20] [VoiceChatPacketProcessingThread/INFO]: [voicechat] Successfully authenticated player 27624550-5762-38db-a0a7-5ccd77095ef1
[05:21:25] [VoiceChatPacketProcessingThread/INFO]: [voicechat] Successfully validated connection of player 27624550-5762-38db-a0a7-5ccd77095ef1
[05:21:25] [VoiceChatPacketProcessingThread/INFO]: [voicechat] Player VenaticWinner67 (27624550-5762-38db-a0a7-5ccd77095ef1) successfully connected to voice chat
[05:21:47] [VoiceChatPacketProcessingThread/INFO]: [voicechat] Player 27624550-5762-38db-a0a7-5ccd77095ef1 timed out
[05:21:47] [VoiceChatPacketProcessingThread/INFO]: [voicechat] Reconnecting player VenaticWinner67
[05:21:47] [VoiceChatPacketProcessingThread/INFO]: [voicechat] Sent secret to VenaticWinner67
[05:21:49] [VoiceChatPacketProcessingThread/INFO]: [voicechat] Successfully authenticated player 27624550-5762-38db-a0a7-5ccd77095ef1
[05:21:55] [VoiceChatPacketProcessingThread/INFO]: [voicechat] Successfully validated connection of player 27624550-5762-38db-a0a7-5ccd77095ef1
[05:21:55] [VoiceChatPacketProcessingThread/INFO]: [voicechat] Player VenaticWinner67 (27624550-5762-38db-a0a7-5ccd77095ef1) successfully connected to voice chat
[05:22:39] [VoiceChatPacketProcessingThread/INFO]: [voicechat] Player 27624550-5762-38db-a0a7-5ccd77095ef1 timed out
[05:22:39] [VoiceChatPacketProcessingThread/INFO]: [voicechat] Reconnecting player VenaticWinner67
[05:22:39] [VoiceChatPacketProcessingThread/INFO]: [voicechat] Sent secret to VenaticWinner67
[05:22:42] [VoiceChatPacketProcessingThread/INFO]: [voicechat] Successfully authenticated player 27624550-5762-38db-a0a7-5ccd77095ef1
[05:22:43] [VoiceChatPacketProcessingThread/INFO]: [voicechat] Successfully validated connection of player 27624550-5762-38db-a0a7-5ccd77095ef1
[05:22:43] [VoiceChatPacketProcessingThread/INFO]: [voicechat] Player VenaticWinner67 (27624550-5762-38db-a0a7-5ccd77095ef1) successfully connected to voice chat
[05:26:55] [Server thread/INFO]: [⚡] Tick monitor started. Before the monitor becomes fully active, the server's average tick rate will be calculated over a period of 120 ticks (approx 6 seconds).
[05:27:01] [spark-worker-pool-1-thread-3/INFO]: [⚡] Analysis is now complete.
[05:27:01] [spark-worker-pool-1-thread-3/INFO]: [⚡] > Max: 50.04ms
[05:27:01] [spark-worker-pool-1-thread-3/INFO]: [⚡] > Min: 49.96ms
[05:27:01] [spark-worker-pool-1-thread-3/INFO]: [⚡] > Average: 50ms
[05:27:01] [spark-worker-pool-1-thread-3/INFO]: [⚡] Starting now, any ticks with >100.0% increase in duration compared to the average will be reported.
[05:27:25] [spark-worker-pool-1-thread-1/INFO]: [⚡] Tick #602 included GC lasting 21 ms. (type = Young Gen)
[05:28:00] [spark-worker-pool-1-thread-3/INFO]: [⚡] Tick #1307 included GC lasting 25 ms. (type = Young Gen)
[05:28:32] [spark-worker-pool-1-thread-1/INFO]: [⚡] Tick #1957 included GC lasting 29 ms. (type = Young Gen)
[05:28:33] [spark-worker-pool-1-thread-2/INFO]: [⚡] Tick #1962 included GC lasting 9 ms. (type = end of concurrent GC pause)
[05:28:33] [spark-worker-pool-1-thread-4/INFO]: [⚡] Tick #1964 included GC lasting 0 ms. (type = end of concurrent GC pause)
[05:29:07] [spark-worker-pool-1-thread-3/INFO]: [⚡] Tick #2655 included GC lasting 20 ms. (type = Young Gen)
[05:29:41] [spark-worker-pool-1-thread-1/INFO]: [⚡] Tick #3331 included GC lasting 15 ms. (type = Young Gen)
[05:30:14] [spark-worker-pool-1-thread-2/INFO]: [⚡] Tick #3997 included GC lasting 11 ms. (type = Young Gen)
[05:30:15] [spark-worker-pool-1-thread-4/INFO]: [⚡] Tick #4002 included GC lasting 11 ms. (type = end of concurrent GC pause)
[05:30:15] [spark-worker-pool-1-thread-3/INFO]: [⚡] Tick #4004 included GC lasting 0 ms. (type = end of concurrent GC pause)
[05:30:49] [spark-worker-pool-1-thread-1/INFO]: [⚡] Tick #4682 included GC lasting 12 ms. (type = Young Gen)
[05:31:23] [spark-worker-pool-1-thread-2/INFO]: [⚡] Tick #5377 included GC lasting 13 ms. (type = Young Gen)
[05:31:58] [spark-worker-pool-1-thread-4/INFO]: [⚡] Tick #6060 included GC lasting 11 ms. (type = Young Gen)
[05:31:58] [spark-worker-pool-1-thread-3/INFO]: [⚡] Tick #6066 included GC lasting 10 ms. (type = end of concurrent GC pause)
[05:31:58] [spark-worker-pool-1-thread-1/INFO]: [⚡] Tick #6068 included GC lasting 0 ms. (type = end of concurrent GC pause)
[05:32:14] [Server thread/INFO]: LastSamurai[/100.86.153.58:63306] logged in with entity id 8092 at (544.3868533156096, 87.0, 1992.7168036822484)
[05:32:14] [Server thread/INFO]: Loading config from file...
[05:32:14] [Server thread/INFO]: LastSamurai joined the game
[05:32:14] [spark-worker-pool-1-thread-2/INFO]: [⚡] Tick #6389 lasted 266.21 ms. (432.42% increase from avg)
[05:32:14] [Server thread/INFO]: LastSamurai lost connection: This server requires Cardinal Components API (unhandled packet: cardinal-components:entity_sync)
[05:32:14] [Server thread/INFO]: LastSamurai left the game
[05:32:14] [Server thread/INFO]: [voicechat] Disconnecting client LastSamurai
[05:32:32] [spark-worker-pool-1-thread-4/INFO]: [⚡] Tick #6746 included GC lasting 13 ms. (type = Young Gen)
[05:33:07] [spark-worker-pool-1-thread-3/INFO]: [⚡] Tick #7450 included GC lasting 13 ms. (type = Young Gen)
[05:33:08] [Server thread/INFO]: LastSamurai[/100.86.153.58:63318] logged in with entity id 8837 at (544.3868533156096, 87.0, 1992.7168036822484)
[05:33:08] [Server thread/INFO]: Loading config from file...
[05:33:08] [Server thread/INFO]: LastSamurai joined the game
[05:33:09] [Server thread/INFO]: LastSamurai lost connection: This server requires Cardinal Components API (unhandled packet: cardinal-components:entity_sync)
[05:33:09] [Server thread/INFO]: LastSamurai left the game
[05:33:09] [Server thread/INFO]: [voicechat] Disconnecting client LastSamurai
[05:33:09] [spark-worker-pool-1-thread-1/INFO]: [⚡] Tick #7477 lasted 207.7 ms. (315.4% increase from avg)
[05:33:09] [Server thread/WARN]: handleDisconnection() called twice
[05:33:37] [spark-worker-pool-1-thread-2/INFO]: [⚡] Tick #8046 included GC lasting 11 ms. (type = Young Gen)
[05:33:37] [spark-worker-pool-1-thread-4/INFO]: [⚡] Tick #8051 included GC lasting 10 ms. (type = end of concurrent GC pause)
[05:33:37] [spark-worker-pool-1-thread-3/INFO]: [⚡] Tick #8053 included GC lasting 1 ms. (type = end of concurrent GC pause)
[05:34:11] [spark-worker-pool-1-thread-4/INFO]: [⚡] Tick #8727 included GC lasting 13 ms. (type = Young Gen)
[05:34:45] [spark-worker-pool-1-thread-3/INFO]: [⚡] Tick #9405 included GC lasting 12 ms. (type = Young Gen)
[05:35:18] [spark-worker-pool-1-thread-1/INFO]: [⚡] Tick #10077 included GC lasting 11 ms. (type = Young Gen)
[05:35:19] [spark-worker-pool-1-thread-2/INFO]: [⚡] Tick #10082 included GC lasting 11 ms. (type = end of concurrent GC pause)
[05:35:19] [spark-worker-pool-1-thread-4/INFO]: [⚡] Tick #10085 included GC lasting 0 ms. (type = end of concurrent GC pause)
[05:35:45] [spark-worker-pool-1-thread-3/INFO]: [⚡] Tick monitor disabled.
[05:41:16] [Server thread/INFO]: LastSamurai[/100.86.153.58:63363] logged in with entity id 16653 at (544.3868533156096, 87.0, 1992.7168036822484)
[05:41:16] [Server thread/INFO]: Loading config from file...
[05:41:16] [Server thread/INFO]: LastSamurai joined the game
[05:41:16] [Server thread/INFO]: LastSamurai lost connection: This server requires Cardinal Components API (unhandled packet: cardinal-components:entity_sync)
[05:41:16] [Server thread/INFO]: LastSamurai left the game
[05:41:16] [Server thread/INFO]: [voicechat] Disconnecting client LastSamurai
[05:49:40] [Server thread/INFO]: LastSamurai[/100.86.153.58:63493] logged in with entity id 24802 at (544.3868533156096, 87.0, 1992.7168036822484)
[05:49:40] [Server thread/INFO]: Loading config from file...
[05:49:40] [Server thread/INFO]: LastSamurai joined the game
[05:49:40] [Server thread/INFO]: LastSamurai lost connection: This server requires Cardinal Components API (unhandled packet: cardinal-components:entity_sync)
[05:49:40] [Server thread/INFO]: LastSamurai left the game
[05:49:40] [Server thread/INFO]: [voicechat] Disconnecting client LastSamurai
[06:12:52] [Server thread/INFO]: [Not Secure] <VenaticWinner67> W
[06:13:38] [Server thread/INFO]: VenaticWinner67 has made the advancement [Incendium]
[06:15:38] [Server thread/WARN]: VenaticWinner67 moved too quickly! 9.824506322403721,2.176759275064242,-1.3258138041028786
[06:18:03] [Server thread/INFO]: VenaticWinner67 has made the advancement [Oh Shiny]
[06:30:47] [Server thread/INFO]: VenaticWinner67 has made the advancement [Ancient Battlefield]
[06:30:47] [Server thread/INFO]: VenaticWinner67 has made the advancement [Strange Biomes]
[06:31:58] [Server thread/INFO]: Named entity class_1639['Headless Warrior'/41849, l='ServerLevel[world]', x=-499.18, y=62.00, z=76.71] died: Headless Warrior was slain by VenaticWinner67 using [PENE]
[06:32:01] [Server thread/INFO]: Named entity class_1639['Headless Warrior'/41637, l='ServerLevel[world]', x=-492.51, y=62.00, z=74.28] died: Headless Warrior was slain by VenaticWinner67 using [PENE]
[06:32:09] [Server thread/INFO]: Named entity class_1639['Headless Warrior'/41796, l='ServerLevel[world]', x=-482.16, y=55.00, z=76.21] died: Headless Warrior was slain by VenaticWinner67 using [PENE]
[06:32:19] [Server thread/INFO]: Named entity class_1639['Headless Warrior'/41702, l='ServerLevel[world]', x=-480.13, y=56.00, z=74.94] died: Headless Warrior was slain by VenaticWinner67 using [PENE]
[06:32:25] [Server thread/INFO]: Named entity class_1639['Headless Warrior'/41689, l='ServerLevel[world]', x=-520.36, y=52.00, z=131.48] died: Headless Warrior was shot by Piglin
[06:32:45] [Server thread/INFO]: Named entity class_1639['Headless Warrior'/41847, l='ServerLevel[world]', x=-507.96, y=86.00, z=166.69] died: Headless Warrior was shot by Piglin
[06:33:45] [Server thread/INFO]: Named entity class_1634['Restless Spirit'/41697, l='ServerLevel[world]', x=-488.09, y=-20.00, z=61.42] died: Restless Spirit was killed
[06:34:26] [Server thread/INFO]: [VenaticWinner67: Set own game mode to Spectator Mode]
[06:34:29] [Server thread/INFO]: Named entity class_1639['Headless Warrior'/42517, l='ServerLevel[world]', x=-491.26, y=51.00, z=170.07] died: Headless Warrior was shot by Piglin
[06:34:44] [Server thread/WARN]: VenaticWinner67 moved too quickly! -10.679160879305414,0.0,0.19223035919863207
[06:34:54] [Worker-Main-3/WARN]: Skipped emitting ENTITY_MOUNT game event for entity class_4985['Strider'/42638, l='ServerLevel[world]', x=-734.00, y=31.00, z=238.00] as it would cause deadlock
[06:34:54] [Server thread/WARN]: Skipped emitting ENTITY_MOUNT game event for entity class_4985['Strider'/42644, l='ServerLevel[world]', x=-734.00, y=31.00, z=238.00] as it would cause deadlock
[06:35:00] [Server thread/INFO]: [VenaticWinner67: Set own game mode to Survival Mode]
[06:35:28] [Server thread/INFO]: VenaticWinner67 has made the advancement [The Learned Piglins]
[06:37:53] [Server thread/INFO]: Named entity class_1621['Toxic Slime'/42795, l='ServerLevel[world]', x=-873.11, y=-20.00, z=147.14] died: Toxic Slime was killed
[06:42:36] [Server thread/INFO]: Named entity class_1621['Toxic Slime'/43413, l='ServerLevel[world]', x=-811.82, y=-20.00, z=123.01] died: Toxic Slime was killed
[06:44:35] [Server thread/INFO]: VenaticWinner67 has made the advancement [Under Lock and Key]
[06:46:37] [Server thread/INFO]: Named entity class_1621['Toxic Slime'/43931, l='ServerLevel[world]', x=-701.26, y=-20.00, z=160.26] died: Toxic Slime was killed
[06:48:53] [Server thread/INFO]: VenaticWinner67 has made the advancement [Radioactive]
[06:49:19] [Server thread/INFO]: Named entity class_1621['Toxic Slime'/44586, l='ServerLevel[world]', x=-751.46, y=48.00, z=89.93] died: Toxic Slime was slain by VenaticWinner67 using [PENE]
[06:49:37] [Worker-Main-4/WARN]: Skipped emitting ENTITY_MOUNT game event for entity class_4985['Strider'/44880, l='ServerLevel[world]', x=-918.00, y=31.00, z=-123.00] as it would cause deadlock
[06:49:37] [Server thread/WARN]: Skipped emitting ENTITY_MOUNT game event for entity class_4985['Strider'/44882, l='ServerLevel[world]', x=-918.00, y=31.00, z=-123.00] as it would cause deadlock
